The system is: Linux - 4.4.0-104-generic - x86_64
Compiling the C compiler identification source file "CMakeCCompilerId.c" succeeded.
Compiler: /usr/bin/cc 
Build flags: 
Id flags: 

The output was:
0


Compilation of the C compiler identification source "CMakeCCompilerId.c" produced "a.out"

The C compiler identification is GNU, found in "/home/ocommeng/obdgpslogger-0.16/build/CMakeFiles/3.2.2/CompilerIdC/a.out"

Compiling the CXX compiler identification source file "CMakeCXXCompilerId.cpp" succeeded.
Compiler: /usr/bin/c++ 
Build flags: 
Id flags: 

The output was:
0


Compilation of the CXX compiler identification source "CMakeCXXCompilerId.cpp" produced "a.out"

The CXX compiler identification is GNU, found in "/home/ocommeng/obdgpslogger-0.16/build/CMakeFiles/3.2.2/CompilerIdCXX/a.out"

Determining if the C compiler works passed with the following output:
Change Dir: /home/ocommeng/obdgpslogger-0.16/build/CMakeFiles/CMakeTmp

Run Build Command:"/usr/bin/make" "cmTryCompileExec3430670274/fast"
/usr/bin/make -f CMakeFiles/cmTryCompileExec3430670274.dir/build.make CMakeFiles/cmTryCompileExec3430670274.dir/build
make[1]: entrant dans le répertoire « /home/ocommeng/obdgpslogger-0.16/build/CMakeFiles/CMakeTmp »
/usr/bin/cmake -E cmake_progress_report /home/ocommeng/obdgpslogger-0.16/build/CMakeFiles/CMakeTmp/CMakeFiles 1
Building C object CMakeFiles/cmTryCompileExec3430670274.dir/testCCompiler.c.o
/usr/bin/cc    -o CMakeFiles/cmTryCompileExec3430670274.dir/testCCompiler.c.o   -c /home/ocommeng/obdgpslogger-0.16/build/CMakeFiles/CMakeTmp/testCCompiler.c
Linking C executable cmTryCompileExec3430670274
/usr/bin/cmake -E cmake_link_script CMakeFiles/cmTryCompileExec3430670274.dir/link.txt --verbose=1
/usr/bin/cc       CMakeFiles/cmTryCompileExec3430670274.dir/testCCompiler.c.o  -o cmTryCompileExec3430670274 -rdynamic 
make[1]: quittant le répertoire « /home/ocommeng/obdgpslogger-0.16/build/CMakeFiles/CMakeTmp »


Detecting C compiler ABI info compiled with the following output:
Change Dir: /home/ocommeng/obdgpslogger-0.16/build/CMakeFiles/CMakeTmp

Run Build Command:"/usr/bin/make" "cmTryCompileExec562522823/fast"
/usr/bin/make -f CMakeFiles/cmTryCompileExec562522823.dir/build.make CMakeFiles/cmTryCompileExec562522823.dir/build
make[1]: entrant dans le répertoire « /home/ocommeng/obdgpslogger-0.16/build/CMakeFiles/CMakeTmp »
/usr/bin/cmake -E cmake_progress_report /home/ocommeng/obdgpslogger-0.16/build/CMakeFiles/CMakeTmp/CMakeFiles 1
Building C object CMakeFiles/cmTryCompileExec562522823.dir/CMakeCCompilerABI.c.o
/usr/bin/cc    -o CMakeFiles/cmTryCompileExec562522823.dir/CMakeCCompilerABI.c.o   -c /usr/share/cmake-3.2/Modules/CMakeCCompilerABI.c
Linking C executable cmTryCompileExec562522823
/usr/bin/cmake -E cmake_link_script CMakeFiles/cmTryCompileExec562522823.dir/link.txt --verbose=1
/usr/bin/cc      -v CMakeFiles/cmTryCompileExec562522823.dir/CMakeCCompilerABI.c.o  -o cmTryCompileExec562522823 -rdynamic  
Using built-in specs.
COLLECT_GCC=/usr/bin/cc
COLLECT_LTO_WRAPPER=/usr/lib/gcc/x86_64-linux-gnu/4.8/lto-wrapper
Target: x86_64-linux-gnu
Configured with: ../src/configure -v --with-pkgversion='Ubuntu 4.8.4-2ubuntu1~14.04.3' --with-bugurl=file:///usr/share/doc/gcc-4.8/README.Bugs --enable-languages=c,c++,java,go,d,fortran,objc,obj-c++ --prefix=/usr --program-suffix=-4.8 --enable-shared --enable-linker-build-id --libexecdir=/usr/lib --without-included-gettext --enable-threads=posix --with-gxx-include-dir=/usr/include/c++/4.8 --libdir=/usr/lib --enable-nls --with-sysroot=/ --enable-clocale=gnu --enable-libstdcxx-debug --enable-libstdcxx-time=yes --enable-gnu-unique-object --disable-libmudflap --enable-plugin --with-system-zlib --disable-browser-plugin --enable-java-awt=gtk --enable-gtk-cairo --with-java-home=/usr/lib/jvm/java-1.5.0-gcj-4.8-amd64/jre --enable-java-home --with-jvm-root-dir=/usr/lib/jvm/java-1.5.0-gcj-4.8-amd64 --with-jvm-jar-dir=/usr/lib/jvm-exports/java-1.5.0-gcj-4.8-amd64 --with-arch-directory=amd64 --with-ecj-jar=/usr/share/java/eclipse-ecj.jar --enable-objc-gc --enable-multiarch --disable-werror --with-arch-32=i686 --with-abi=m64 --with-multilib-list=m32,m64,mx32 --with-tune=generic --enable-checking=release --build=x86_64-linux-gnu --host=x86_64-linux-gnu --target=x86_64-linux-gnu
Thread model: posix
gcc version 4.8.4 (Ubuntu 4.8.4-2ubuntu1~14.04.3) 
COMPILER_PATH=/usr/lib/gcc/x86_64-linux-gnu/4.8/:/usr/lib/gcc/x86_64-linux-gnu/4.8/:/usr/lib/gcc/x86_64-linux-gnu/:/usr/lib/gcc/x86_64-linux-gnu/4.8/:/usr/lib/gcc/x86_64-linux-gnu/
LIBRARY_PATH=/usr/lib/gcc/x86_64-linux-gnu/4.8/:/usr/lib/gcc/x86_64-linux-gnu/4.8/../../../x86_64-linux-gnu/:/usr/lib/gcc/x86_64-linux-gnu/4.8/../../../../lib/:/lib/x86_64-linux-gnu/:/lib/../lib/:/usr/lib/x86_64-linux-gnu/:/usr/lib/../lib/:/usr/lib/gcc/x86_64-linux-gnu/4.8/../../../:/lib/:/usr/lib/
COLLECT_GCC_OPTIONS='-v' '-o' 'cmTryCompileExec562522823' '-rdynamic' '-mtune=generic' '-march=x86-64'
 /usr/lib/gcc/x86_64-linux-gnu/4.8/collect2 --sysroot=/ --build-id --eh-frame-hdr -m elf_x86_64 --hash-style=gnu --as-needed -export-dynamic -dynamic-linker /lib64/ld-linux-x86-64.so.2 -z relro -o cmTryCompileExec562522823 /usr/lib/gcc/x86_64-linux-gnu/4.8/../../../x86_64-linux-gnu/crt1.o /usr/lib/gcc/x86_64-linux-gnu/4.8/../../../x86_64-linux-gnu/crti.o /usr/lib/gcc/x86_64-linux-gnu/4.8/crtbegin.o -L/usr/lib/gcc/x86_64-linux-gnu/4.8 -L/usr/lib/gcc/x86_64-linux-gnu/4.8/../../../x86_64-linux-gnu -L/usr/lib/gcc/x86_64-linux-gnu/4.8/../../../../lib -L/lib/x86_64-linux-gnu -L/lib/../lib -L/usr/lib/x86_64-linux-gnu -L/usr/lib/../lib -L/usr/lib/gcc/x86_64-linux-gnu/4.8/../../.. CMakeFiles/cmTryCompileExec562522823.dir/CMakeCCompilerABI.c.o -lgcc --as-needed -lgcc_s --no-as-needed -lc -lgcc --as-needed -lgcc_s --no-as-needed /usr/lib/gcc/x86_64-linux-gnu/4.8/crtend.o /usr/lib/gcc/x86_64-linux-gnu/4.8/../../../x86_64-linux-gnu/crtn.o
make[1]: quittant le répertoire « /home/ocommeng/obdgpslogger-0.16/build/CMakeFiles/CMakeTmp »


Parsed C implicit link information from above output:
  link line regex: [^( *|.*[/\])(ld|([^/\]+-)?ld|collect2)[^/\]*( |$)]
  ignore line: [Change Dir: /home/ocommeng/obdgpslogger-0.16/build/CMakeFiles/CMakeTmp]
  ignore line: []
  ignore line: [Run Build Command:"/usr/bin/make" "cmTryCompileExec562522823/fast"]
  ignore line: [/usr/bin/make -f CMakeFiles/cmTryCompileExec562522823.dir/build.make CMakeFiles/cmTryCompileExec562522823.dir/build]
  ignore line: [make[1]: entrant dans le répertoire « /home/ocommeng/obdgpslogger-0.16/build/CMakeFiles/CMakeTmp »]
  ignore line: [/usr/bin/cmake -E cmake_progress_report /home/ocommeng/obdgpslogger-0.16/build/CMakeFiles/CMakeTmp/CMakeFiles 1]
  ignore line: [Building C object CMakeFiles/cmTryCompileExec562522823.dir/CMakeCCompilerABI.c.o]
  ignore line: [/usr/bin/cc    -o CMakeFiles/cmTryCompileExec562522823.dir/CMakeCCompilerABI.c.o   -c /usr/share/cmake-3.2/Modules/CMakeCCompilerABI.c]
  ignore line: [Linking C executable cmTryCompileExec562522823]
  ignore line: [/usr/bin/cmake -E cmake_link_script CMakeFiles/cmTryCompileExec562522823.dir/link.txt --verbose=1]
  ignore line: [/usr/bin/cc      -v CMakeFiles/cmTryCompileExec562522823.dir/CMakeCCompilerABI.c.o  -o cmTryCompileExec562522823 -rdynamic  ]
  ignore line: [Using built-in specs.]
  ignore line: [COLLECT_GCC=/usr/bin/cc]
  ignore line: [COLLECT_LTO_WRAPPER=/usr/lib/gcc/x86_64-linux-gnu/4.8/lto-wrapper]
  ignore line: [Target: x86_64-linux-gnu]
  ignore line: [Configured with: ../src/configure -v --with-pkgversion='Ubuntu 4.8.4-2ubuntu1~14.04.3' --with-bugurl=file:///usr/share/doc/gcc-4.8/README.Bugs --enable-languages=c,c++,java,go,d,fortran,objc,obj-c++ --prefix=/usr --program-suffix=-4.8 --enable-shared --enable-linker-build-id --libexecdir=/usr/lib --without-included-gettext --enable-threads=posix --with-gxx-include-dir=/usr/include/c++/4.8 --libdir=/usr/lib --enable-nls --with-sysroot=/ --enable-clocale=gnu --enable-libstdcxx-debug --enable-libstdcxx-time=yes --enable-gnu-unique-object --disable-libmudflap --enable-plugin --with-system-zlib --disable-browser-plugin --enable-java-awt=gtk --enable-gtk-cairo --with-java-home=/usr/lib/jvm/java-1.5.0-gcj-4.8-amd64/jre --enable-java-home --with-jvm-root-dir=/usr/lib/jvm/java-1.5.0-gcj-4.8-amd64 --with-jvm-jar-dir=/usr/lib/jvm-exports/java-1.5.0-gcj-4.8-amd64 --with-arch-directory=amd64 --with-ecj-jar=/usr/share/java/eclipse-ecj.jar --enable-objc-gc --enable-multiarch --disable-werror --with-arch-32=i686 --with-abi=m64 --with-multilib-list=m32,m64,mx32 --with-tune=generic --enable-checking=release --build=x86_64-linux-gnu --host=x86_64-linux-gnu --target=x86_64-linux-gnu]
  ignore line: [Thread model: posix]
  ignore line: [gcc version 4.8.4 (Ubuntu 4.8.4-2ubuntu1~14.04.3) ]
  ignore line: [COMPILER_PATH=/usr/lib/gcc/x86_64-linux-gnu/4.8/:/usr/lib/gcc/x86_64-linux-gnu/4.8/:/usr/lib/gcc/x86_64-linux-gnu/:/usr/lib/gcc/x86_64-linux-gnu/4.8/:/usr/lib/gcc/x86_64-linux-gnu/]
  ignore line: [LIBRARY_PATH=/usr/lib/gcc/x86_64-linux-gnu/4.8/:/usr/lib/gcc/x86_64-linux-gnu/4.8/../../../x86_64-linux-gnu/:/usr/lib/gcc/x86_64-linux-gnu/4.8/../../../../lib/:/lib/x86_64-linux-gnu/:/lib/../lib/:/usr/lib/x86_64-linux-gnu/:/usr/lib/../lib/:/usr/lib/gcc/x86_64-linux-gnu/4.8/../../../:/lib/:/usr/lib/]
  ignore line: [COLLECT_GCC_OPTIONS='-v' '-o' 'cmTryCompileExec562522823' '-rdynamic' '-mtune=generic' '-march=x86-64']
  link line: [ /usr/lib/gcc/x86_64-linux-gnu/4.8/collect2 --sysroot=/ --build-id --eh-frame-hdr -m elf_x86_64 --hash-style=gnu --as-needed -export-dynamic -dynamic-linker /lib64/ld-linux-x86-64.so.2 -z relro -o cmTryCompileExec562522823 /usr/lib/gcc/x86_64-linux-gnu/4.8/../../../x86_64-linux-gnu/crt1.o /usr/lib/gcc/x86_64-linux-gnu/4.8/../../../x86_64-linux-gnu/crti.o /usr/lib/gcc/x86_64-linux-gnu/4.8/crtbegin.o -L/usr/lib/gcc/x86_64-linux-gnu/4.8 -L/usr/lib/gcc/x86_64-linux-gnu/4.8/../../../x86_64-linux-gnu -L/usr/lib/gcc/x86_64-linux-gnu/4.8/../../../../lib -L/lib/x86_64-linux-gnu -L/lib/../lib -L/usr/lib/x86_64-linux-gnu -L/usr/lib/../lib -L/usr/lib/gcc/x86_64-linux-gnu/4.8/../../.. CMakeFiles/cmTryCompileExec562522823.dir/CMakeCCompilerABI.c.o -lgcc --as-needed -lgcc_s --no-as-needed -lc -lgcc --as-needed -lgcc_s --no-as-needed /usr/lib/gcc/x86_64-linux-gnu/4.8/crtend.o /usr/lib/gcc/x86_64-linux-gnu/4.8/../../../x86_64-linux-gnu/crtn.o]
    arg [/usr/lib/gcc/x86_64-linux-gnu/4.8/collect2] ==> ignore
    arg [--sysroot=/] ==> ignore
    arg [--build-id] ==> ignore
    arg [--eh-frame-hdr] ==> ignore
    arg [-m] ==> ignore
    arg [elf_x86_64] ==> ignore
    arg [--hash-style=gnu] ==> ignore
    arg [--as-needed] ==> ignore
    arg [-export-dynamic] ==> ignore
    arg [-dynamic-linker] ==> ignore
    arg [/lib64/ld-linux-x86-64.so.2] ==> ignore
    arg [-zrelro] ==> ignore
    arg [-o] ==> ignore
    arg [cmTryCompileExec562522823] ==> ignore
    arg [/usr/lib/gcc/x86_64-linux-gnu/4.8/../../../x86_64-linux-gnu/crt1.o] ==> ignore
    arg [/usr/lib/gcc/x86_64-linux-gnu/4.8/../../../x86_64-linux-gnu/crti.o] ==> ignore
    arg [/usr/lib/gcc/x86_64-linux-gnu/4.8/crtbegin.o] ==> ignore
    arg [-L/usr/lib/gcc/x86_64-linux-gnu/4.8] ==> dir [/usr/lib/gcc/x86_64-linux-gnu/4.8]
    arg [-L/usr/lib/gcc/x86_64-linux-gnu/4.8/../../../x86_64-linux-gnu] ==> dir [/usr/lib/gcc/x86_64-linux-gnu/4.8/../../../x86_64-linux-gnu]
    arg [-L/usr/lib/gcc/x86_64-linux-gnu/4.8/../../../../lib] ==> dir [/usr/lib/gcc/x86_64-linux-gnu/4.8/../../../../lib]
    arg [-L/lib/x86_64-linux-gnu] ==> dir [/lib/x86_64-linux-gnu]
    arg [-L/lib/../lib] ==> dir [/lib/../lib]
    arg [-L/usr/lib/x86_64-linux-gnu] ==> dir [/usr/lib/x86_64-linux-gnu]
    arg [-L/usr/lib/../lib] ==> dir [/usr/lib/../lib]
    arg [-L/usr/lib/gcc/x86_64-linux-gnu/4.8/../../..] ==> dir [/usr/lib/gcc/x86_64-linux-gnu/4.8/../../..]
    arg [CMakeFiles/cmTryCompileExec562522823.dir/CMakeCCompilerABI.c.o] ==> ignore
    arg [-lgcc] ==> lib [gcc]
    arg [--as-needed] ==> ignore
    arg [-lgcc_s] ==> lib [gcc_s]
    arg [--no-as-needed] ==> ignore
    arg [-lc] ==> lib [c]
    arg [-lgcc] ==> lib [gcc]
    arg [--as-needed] ==> ignore
    arg [-lgcc_s] ==> lib [gcc_s]
    arg [--no-as-needed] ==> ignore
    arg [/usr/lib/gcc/x86_64-linux-gnu/4.8/crtend.o] ==> ignore
    arg [/usr/lib/gcc/x86_64-linux-gnu/4.8/../../../x86_64-linux-gnu/crtn.o] ==> ignore
  remove lib [gcc]
  remove lib [gcc_s]
  remove lib [gcc]
  remove lib [gcc_s]
  collapse library dir [/usr/lib/gcc/x86_64-linux-gnu/4.8] ==> [/usr/lib/gcc/x86_64-linux-gnu/4.8]
  collapse library dir [/usr/lib/gcc/x86_64-linux-gnu/4.8/../../../x86_64-linux-gnu] ==> [/usr/lib/x86_64-linux-gnu]
  collapse library dir [/usr/lib/gcc/x86_64-linux-gnu/4.8/../../../../lib] ==> [/usr/lib]
  collapse library dir [/lib/x86_64-linux-gnu] ==> [/lib/x86_64-linux-gnu]
  collapse library dir [/lib/../lib] ==> [/lib]
  collapse library dir [/usr/lib/x86_64-linux-gnu] ==> [/usr/lib/x86_64-linux-gnu]
  collapse library dir [/usr/lib/../lib] ==> [/usr/lib]
  collapse library dir [/usr/lib/gcc/x86_64-linux-gnu/4.8/../../..] ==> [/usr/lib]
  implicit libs: [c]
  implicit dirs: [/usr/lib/gcc/x86_64-linux-gnu/4.8;/usr/lib/x86_64-linux-gnu;/usr/lib;/lib/x86_64-linux-gnu;/lib]
  implicit fwks: []




Detecting C [-std=c11] compiler features compiled with the following output:
Change Dir: /home/ocommeng/obdgpslogger-0.16/build/CMakeFiles/CMakeTmp

Run Build Command:"/usr/bin/make" "cmTryCompileExec4260065737/fast"
/usr/bin/make -f CMakeFiles/cmTryCompileExec4260065737.dir/build.make CMakeFiles/cmTryCompileExec4260065737.dir/build
make[1]: entrant dans le répertoire « /home/ocommeng/obdgpslogger-0.16/build/CMakeFiles/CMakeTmp »
/usr/bin/cmake -E cmake_progress_report /home/ocommeng/obdgpslogger-0.16/build/CMakeFiles/CMakeTmp/CMakeFiles 1
Building C object CMakeFiles/cmTryCompileExec4260065737.dir/feature_tests.c.o
/usr/bin/cc   -std=c11 -o CMakeFiles/cmTryCompileExec4260065737.dir/feature_tests.c.o   -c /home/ocommeng/obdgpslogger-0.16/build/CMakeFiles/feature_tests.c
Linking C executable cmTryCompileExec4260065737
/usr/bin/cmake -E cmake_link_script CMakeFiles/cmTryCompileExec4260065737.dir/link.txt --verbose=1
/usr/bin/cc       CMakeFiles/cmTryCompileExec4260065737.dir/feature_tests.c.o  -o cmTryCompileExec4260065737 -rdynamic 
make[1]: quittant le répertoire « /home/ocommeng/obdgpslogger-0.16/build/CMakeFiles/CMakeTmp »


    Feature record: C_FEATURE:1c_function_prototypes
    Feature record: C_FEATURE:1c_restrict
    Feature record: C_FEATURE:1c_static_assert
    Feature record: C_FEATURE:1c_variadic_macros


Detecting C [-std=c99] compiler features compiled with the following output:
Change Dir: /home/ocommeng/obdgpslogger-0.16/build/CMakeFiles/CMakeTmp

Run Build Command:"/usr/bin/make" "cmTryCompileExec1796164099/fast"
/usr/bin/make -f CMakeFiles/cmTryCompileExec1796164099.dir/build.make CMakeFiles/cmTryCompileExec1796164099.dir/build
make[1]: entrant dans le répertoire « /home/ocommeng/obdgpslogger-0.16/build/CMakeFiles/CMakeTmp »
/usr/bin/cmake -E cmake_progress_report /home/ocommeng/obdgpslogger-0.16/build/CMakeFiles/CMakeTmp/CMakeFiles 1
Building C object CMakeFiles/cmTryCompileExec1796164099.dir/feature_tests.c.o
/usr/bin/cc   -std=c99 -o CMakeFiles/cmTryCompileExec1796164099.dir/feature_tests.c.o   -c /home/ocommeng/obdgpslogger-0.16/build/CMakeFiles/feature_tests.c
Linking C executable cmTryCompileExec1796164099
/usr/bin/cmake -E cmake_link_script CMakeFiles/cmTryCompileExec1796164099.dir/link.txt --verbose=1
/usr/bin/cc       CMakeFiles/cmTryCompileExec1796164099.dir/feature_tests.c.o  -o cmTryCompileExec1796164099 -rdynamic 
make[1]: quittant le répertoire « /home/ocommeng/obdgpslogger-0.16/build/CMakeFiles/CMakeTmp »


    Feature record: C_FEATURE:1c_function_prototypes
    Feature record: C_FEATURE:1c_restrict
    Feature record: C_FEATURE:0c_static_assert
    Feature record: C_FEATURE:1c_variadic_macros


Detecting C [-std=c90] compiler features compiled with the following output:
Change Dir: /home/ocommeng/obdgpslogger-0.16/build/CMakeFiles/CMakeTmp

Run Build Command:"/usr/bin/make" "cmTryCompileExec537777195/fast"
/usr/bin/make -f CMakeFiles/cmTryCompileExec537777195.dir/build.make CMakeFiles/cmTryCompileExec537777195.dir/build
make[1]: entrant dans le répertoire « /home/ocommeng/obdgpslogger-0.16/build/CMakeFiles/CMakeTmp »
/usr/bin/cmake -E cmake_progress_report /home/ocommeng/obdgpslogger-0.16/build/CMakeFiles/CMakeTmp/CMakeFiles 1
Building C object CMakeFiles/cmTryCompileExec537777195.dir/feature_tests.c.o
/usr/bin/cc   -std=c90 -o CMakeFiles/cmTryCompileExec537777195.dir/feature_tests.c.o   -c /home/ocommeng/obdgpslogger-0.16/build/CMakeFiles/feature_tests.c
Linking C executable cmTryCompileExec537777195
/usr/bin/cmake -E cmake_link_script CMakeFiles/cmTryCompileExec537777195.dir/link.txt --verbose=1
/usr/bin/cc       CMakeFiles/cmTryCompileExec537777195.dir/feature_tests.c.o  -o cmTryCompileExec537777195 -rdynamic 
make[1]: quittant le répertoire « /home/ocommeng/obdgpslogger-0.16/build/CMakeFiles/CMakeTmp »


    Feature record: C_FEATURE:1c_function_prototypes
    Feature record: C_FEATURE:0c_restrict
    Feature record: C_FEATURE:0c_static_assert
    Feature record: C_FEATURE:0c_variadic_macros
Determining if the CXX compiler works passed with the following output:
Change Dir: /home/ocommeng/obdgpslogger-0.16/build/CMakeFiles/CMakeTmp

Run Build Command:"/usr/bin/make" "cmTryCompileExec3797756334/fast"
/usr/bin/make -f CMakeFiles/cmTryCompileExec3797756334.dir/build.make CMakeFiles/cmTryCompileExec3797756334.dir/build
make[1]: entrant dans le répertoire « /home/ocommeng/obdgpslogger-0.16/build/CMakeFiles/CMakeTmp »
/usr/bin/cmake -E cmake_progress_report /home/ocommeng/obdgpslogger-0.16/build/CMakeFiles/CMakeTmp/CMakeFiles 1
Building CXX object CMakeFiles/cmTryCompileExec3797756334.dir/testCXXCompiler.cxx.o
/usr/bin/c++     -o CMakeFiles/cmTryCompileExec3797756334.dir/testCXXCompiler.cxx.o -c /home/ocommeng/obdgpslogger-0.16/build/CMakeFiles/CMakeTmp/testCXXCompiler.cxx
Linking CXX executable cmTryCompileExec3797756334
/usr/bin/cmake -E cmake_link_script CMakeFiles/cmTryCompileExec3797756334.dir/link.txt --verbose=1
/usr/bin/c++        CMakeFiles/cmTryCompileExec3797756334.dir/testCXXCompiler.cxx.o  -o cmTryCompileExec3797756334 -rdynamic 
make[1]: quittant le répertoire « /home/ocommeng/obdgpslogger-0.16/build/CMakeFiles/CMakeTmp »


Detecting CXX compiler ABI info compiled with the following output:
Change Dir: /home/ocommeng/obdgpslogger-0.16/build/CMakeFiles/CMakeTmp

Run Build Command:"/usr/bin/make" "cmTryCompileExec3817111990/fast"
/usr/bin/make -f CMakeFiles/cmTryCompileExec3817111990.dir/build.make CMakeFiles/cmTryCompileExec3817111990.dir/build
make[1]: entrant dans le répertoire « /home/ocommeng/obdgpslogger-0.16/build/CMakeFiles/CMakeTmp »
/usr/bin/cmake -E cmake_progress_report /home/ocommeng/obdgpslogger-0.16/build/CMakeFiles/CMakeTmp/CMakeFiles 1
Building CXX object CMakeFiles/cmTryCompileExec3817111990.dir/CMakeCXXCompilerABI.cpp.o
/usr/bin/c++     -o CMakeFiles/cmTryCompileExec3817111990.dir/CMakeCXXCompilerABI.cpp.o -c /usr/share/cmake-3.2/Modules/CMakeCXXCompilerABI.cpp
Linking CXX executable cmTryCompileExec3817111990
/usr/bin/cmake -E cmake_link_script CMakeFiles/cmTryCompileExec3817111990.dir/link.txt --verbose=1
/usr/bin/c++       -v CMakeFiles/cmTryCompileExec3817111990.dir/CMakeCXXCompilerABI.cpp.o  -o cmTryCompileExec3817111990 -rdynamic  
Using built-in specs.
COLLECT_GCC=/usr/bin/c++
COLLECT_LTO_WRAPPER=/usr/lib/gcc/x86_64-linux-gnu/4.8/lto-wrapper
Target: x86_64-linux-gnu
Configured with: ../src/configure -v --with-pkgversion='Ubuntu 4.8.4-2ubuntu1~14.04.3' --with-bugurl=file:///usr/share/doc/gcc-4.8/README.Bugs --enable-languages=c,c++,java,go,d,fortran,objc,obj-c++ --prefix=/usr --program-suffix=-4.8 --enable-shared --enable-linker-build-id --libexecdir=/usr/lib --without-included-gettext --enable-threads=posix --with-gxx-include-dir=/usr/include/c++/4.8 --libdir=/usr/lib --enable-nls --with-sysroot=/ --enable-clocale=gnu --enable-libstdcxx-debug --enable-libstdcxx-time=yes --enable-gnu-unique-object --disable-libmudflap --enable-plugin --with-system-zlib --disable-browser-plugin --enable-java-awt=gtk --enable-gtk-cairo --with-java-home=/usr/lib/jvm/java-1.5.0-gcj-4.8-amd64/jre --enable-java-home --with-jvm-root-dir=/usr/lib/jvm/java-1.5.0-gcj-4.8-amd64 --with-jvm-jar-dir=/usr/lib/jvm-exports/java-1.5.0-gcj-4.8-amd64 --with-arch-directory=amd64 --with-ecj-jar=/usr/share/java/eclipse-ecj.jar --enable-objc-gc --enable-multiarch --disable-werror --with-arch-32=i686 --with-abi=m64 --with-multilib-list=m32,m64,mx32 --with-tune=generic --enable-checking=release --build=x86_64-linux-gnu --host=x86_64-linux-gnu --target=x86_64-linux-gnu
Thread model: posix
gcc version 4.8.4 (Ubuntu 4.8.4-2ubuntu1~14.04.3) 
COMPILER_PATH=/usr/lib/gcc/x86_64-linux-gnu/4.8/:/usr/lib/gcc/x86_64-linux-gnu/4.8/:/usr/lib/gcc/x86_64-linux-gnu/:/usr/lib/gcc/x86_64-linux-gnu/4.8/:/usr/lib/gcc/x86_64-linux-gnu/
LIBRARY_PATH=/usr/lib/gcc/x86_64-linux-gnu/4.8/:/usr/lib/gcc/x86_64-linux-gnu/4.8/../../../x86_64-linux-gnu/:/usr/lib/gcc/x86_64-linux-gnu/4.8/../../../../lib/:/lib/x86_64-linux-gnu/:/lib/../lib/:/usr/lib/x86_64-linux-gnu/:/usr/lib/../lib/:/usr/lib/gcc/x86_64-linux-gnu/4.8/../../../:/lib/:/usr/lib/
COLLECT_GCC_OPTIONS='-v' '-o' 'cmTryCompileExec3817111990' '-rdynamic' '-shared-libgcc' '-mtune=generic' '-march=x86-64'
 /usr/lib/gcc/x86_64-linux-gnu/4.8/collect2 --sysroot=/ --build-id --eh-frame-hdr -m elf_x86_64 --hash-style=gnu --as-needed -export-dynamic -dynamic-linker /lib64/ld-linux-x86-64.so.2 -z relro -o cmTryCompileExec3817111990 /usr/lib/gcc/x86_64-linux-gnu/4.8/../../../x86_64-linux-gnu/crt1.o /usr/lib/gcc/x86_64-linux-gnu/4.8/../../../x86_64-linux-gnu/crti.o /usr/lib/gcc/x86_64-linux-gnu/4.8/crtbegin.o -L/usr/lib/gcc/x86_64-linux-gnu/4.8 -L/usr/lib/gcc/x86_64-linux-gnu/4.8/../../../x86_64-linux-gnu -L/usr/lib/gcc/x86_64-linux-gnu/4.8/../../../../lib -L/lib/x86_64-linux-gnu -L/lib/../lib -L/usr/lib/x86_64-linux-gnu -L/usr/lib/../lib -L/usr/lib/gcc/x86_64-linux-gnu/4.8/../../.. CMakeFiles/cmTryCompileExec3817111990.dir/CMakeCXXCompilerABI.cpp.o -lstdc++ -lm -lgcc_s -lgcc -lc -lgcc_s -lgcc /usr/lib/gcc/x86_64-linux-gnu/4.8/crtend.o /usr/lib/gcc/x86_64-linux-gnu/4.8/../../../x86_64-linux-gnu/crtn.o
make[1]: quittant le répertoire « /home/ocommeng/obdgpslogger-0.16/build/CMakeFiles/CMakeTmp »


Parsed CXX implicit link information from above output:
  link line regex: [^( *|.*[/\])(ld|([^/\]+-)?ld|collect2)[^/\]*( |$)]
  ignore line: [Change Dir: /home/ocommeng/obdgpslogger-0.16/build/CMakeFiles/CMakeTmp]
  ignore line: []
  ignore line: [Run Build Command:"/usr/bin/make" "cmTryCompileExec3817111990/fast"]
  ignore line: [/usr/bin/make -f CMakeFiles/cmTryCompileExec3817111990.dir/build.make CMakeFiles/cmTryCompileExec3817111990.dir/build]
  ignore line: [make[1]: entrant dans le répertoire « /home/ocommeng/obdgpslogger-0.16/build/CMakeFiles/CMakeTmp »]
  ignore line: [/usr/bin/cmake -E cmake_progress_report /home/ocommeng/obdgpslogger-0.16/build/CMakeFiles/CMakeTmp/CMakeFiles 1]
  ignore line: [Building CXX object CMakeFiles/cmTryCompileExec3817111990.dir/CMakeCXXCompilerABI.cpp.o]
  ignore line: [/usr/bin/c++     -o CMakeFiles/cmTryCompileExec3817111990.dir/CMakeCXXCompilerABI.cpp.o -c /usr/share/cmake-3.2/Modules/CMakeCXXCompilerABI.cpp]
  ignore line: [Linking CXX executable cmTryCompileExec3817111990]
  ignore line: [/usr/bin/cmake -E cmake_link_script CMakeFiles/cmTryCompileExec3817111990.dir/link.txt --verbose=1]
  ignore line: [/usr/bin/c++       -v CMakeFiles/cmTryCompileExec3817111990.dir/CMakeCXXCompilerABI.cpp.o  -o cmTryCompileExec3817111990 -rdynamic  ]
  ignore line: [Using built-in specs.]
  ignore line: [COLLECT_GCC=/usr/bin/c++]
  ignore line: [COLLECT_LTO_WRAPPER=/usr/lib/gcc/x86_64-linux-gnu/4.8/lto-wrapper]
  ignore line: [Target: x86_64-linux-gnu]
  ignore line: [Configured with: ../src/configure -v --with-pkgversion='Ubuntu 4.8.4-2ubuntu1~14.04.3' --with-bugurl=file:///usr/share/doc/gcc-4.8/README.Bugs --enable-languages=c,c++,java,go,d,fortran,objc,obj-c++ --prefix=/usr --program-suffix=-4.8 --enable-shared --enable-linker-build-id --libexecdir=/usr/lib --without-included-gettext --enable-threads=posix --with-gxx-include-dir=/usr/include/c++/4.8 --libdir=/usr/lib --enable-nls --with-sysroot=/ --enable-clocale=gnu --enable-libstdcxx-debug --enable-libstdcxx-time=yes --enable-gnu-unique-object --disable-libmudflap --enable-plugin --with-system-zlib --disable-browser-plugin --enable-java-awt=gtk --enable-gtk-cairo --with-java-home=/usr/lib/jvm/java-1.5.0-gcj-4.8-amd64/jre --enable-java-home --with-jvm-root-dir=/usr/lib/jvm/java-1.5.0-gcj-4.8-amd64 --with-jvm-jar-dir=/usr/lib/jvm-exports/java-1.5.0-gcj-4.8-amd64 --with-arch-directory=amd64 --with-ecj-jar=/usr/share/java/eclipse-ecj.jar --enable-objc-gc --enable-multiarch --disable-werror --with-arch-32=i686 --with-abi=m64 --with-multilib-list=m32,m64,mx32 --with-tune=generic --enable-checking=release --build=x86_64-linux-gnu --host=x86_64-linux-gnu --target=x86_64-linux-gnu]
  ignore line: [Thread model: posix]
  ignore line: [gcc version 4.8.4 (Ubuntu 4.8.4-2ubuntu1~14.04.3) ]
  ignore line: [COMPILER_PATH=/usr/lib/gcc/x86_64-linux-gnu/4.8/:/usr/lib/gcc/x86_64-linux-gnu/4.8/:/usr/lib/gcc/x86_64-linux-gnu/:/usr/lib/gcc/x86_64-linux-gnu/4.8/:/usr/lib/gcc/x86_64-linux-gnu/]
  ignore line: [LIBRARY_PATH=/usr/lib/gcc/x86_64-linux-gnu/4.8/:/usr/lib/gcc/x86_64-linux-gnu/4.8/../../../x86_64-linux-gnu/:/usr/lib/gcc/x86_64-linux-gnu/4.8/../../../../lib/:/lib/x86_64-linux-gnu/:/lib/../lib/:/usr/lib/x86_64-linux-gnu/:/usr/lib/../lib/:/usr/lib/gcc/x86_64-linux-gnu/4.8/../../../:/lib/:/usr/lib/]
  ignore line: [COLLECT_GCC_OPTIONS='-v' '-o' 'cmTryCompileExec3817111990' '-rdynamic' '-shared-libgcc' '-mtune=generic' '-march=x86-64']
  link line: [ /usr/lib/gcc/x86_64-linux-gnu/4.8/collect2 --sysroot=/ --build-id --eh-frame-hdr -m elf_x86_64 --hash-style=gnu --as-needed -export-dynamic -dynamic-linker /lib64/ld-linux-x86-64.so.2 -z relro -o cmTryCompileExec3817111990 /usr/lib/gcc/x86_64-linux-gnu/4.8/../../../x86_64-linux-gnu/crt1.o /usr/lib/gcc/x86_64-linux-gnu/4.8/../../../x86_64-linux-gnu/crti.o /usr/lib/gcc/x86_64-linux-gnu/4.8/crtbegin.o -L/usr/lib/gcc/x86_64-linux-gnu/4.8 -L/usr/lib/gcc/x86_64-linux-gnu/4.8/../../../x86_64-linux-gnu -L/usr/lib/gcc/x86_64-linux-gnu/4.8/../../../../lib -L/lib/x86_64-linux-gnu -L/lib/../lib -L/usr/lib/x86_64-linux-gnu -L/usr/lib/../lib -L/usr/lib/gcc/x86_64-linux-gnu/4.8/../../.. CMakeFiles/cmTryCompileExec3817111990.dir/CMakeCXXCompilerABI.cpp.o -lstdc++ -lm -lgcc_s -lgcc -lc -lgcc_s -lgcc /usr/lib/gcc/x86_64-linux-gnu/4.8/crtend.o /usr/lib/gcc/x86_64-linux-gnu/4.8/../../../x86_64-linux-gnu/crtn.o]
    arg [/usr/lib/gcc/x86_64-linux-gnu/4.8/collect2] ==> ignore
    arg [--sysroot=/] ==> ignore
    arg [--build-id] ==> ignore
    arg [--eh-frame-hdr] ==> ignore
    arg [-m] ==> ignore
    arg [elf_x86_64] ==> ignore
    arg [--hash-style=gnu] ==> ignore
    arg [--as-needed] ==> ignore
    arg [-export-dynamic] ==> ignore
    arg [-dynamic-linker] ==> ignore
    arg [/lib64/ld-linux-x86-64.so.2] ==> ignore
    arg [-zrelro] ==> ignore
    arg [-o] ==> ignore
    arg [cmTryCompileExec3817111990] ==> ignore
    arg [/usr/lib/gcc/x86_64-linux-gnu/4.8/../../../x86_64-linux-gnu/crt1.o] ==> ignore
    arg [/usr/lib/gcc/x86_64-linux-gnu/4.8/../../../x86_64-linux-gnu/crti.o] ==> ignore
    arg [/usr/lib/gcc/x86_64-linux-gnu/4.8/crtbegin.o] ==> ignore
    arg [-L/usr/lib/gcc/x86_64-linux-gnu/4.8] ==> dir [/usr/lib/gcc/x86_64-linux-gnu/4.8]
    arg [-L/usr/lib/gcc/x86_64-linux-gnu/4.8/../../../x86_64-linux-gnu] ==> dir [/usr/lib/gcc/x86_64-linux-gnu/4.8/../../../x86_64-linux-gnu]
    arg [-L/usr/lib/gcc/x86_64-linux-gnu/4.8/../../../../lib] ==> dir [/usr/lib/gcc/x86_64-linux-gnu/4.8/../../../../lib]
    arg [-L/lib/x86_64-linux-gnu] ==> dir [/lib/x86_64-linux-gnu]
    arg [-L/lib/../lib] ==> dir [/lib/../lib]
    arg [-L/usr/lib/x86_64-linux-gnu] ==> dir [/usr/lib/x86_64-linux-gnu]
    arg [-L/usr/lib/../lib] ==> dir [/usr/lib/../lib]
    arg [-L/usr/lib/gcc/x86_64-linux-gnu/4.8/../../..] ==> dir [/usr/lib/gcc/x86_64-linux-gnu/4.8/../../..]
    arg [CMakeFiles/cmTryCompileExec3817111990.dir/CMakeCXXCompilerABI.cpp.o] ==> ignore
    arg [-lstdc++] ==> lib [stdc++]
    arg [-lm] ==> lib [m]
    arg [-lgcc_s] ==> lib [gcc_s]
    arg [-lgcc] ==> lib [gcc]
    arg [-lc] ==> lib [c]
    arg [-lgcc_s] ==> lib [gcc_s]
    arg [-lgcc] ==> lib [gcc]
    arg [/usr/lib/gcc/x86_64-linux-gnu/4.8/crtend.o] ==> ignore
    arg [/usr/lib/gcc/x86_64-linux-gnu/4.8/../../../x86_64-linux-gnu/crtn.o] ==> ignore
  remove lib [gcc_s]
  remove lib [gcc]
  remove lib [gcc_s]
  remove lib [gcc]
  collapse library dir [/usr/lib/gcc/x86_64-linux-gnu/4.8] ==> [/usr/lib/gcc/x86_64-linux-gnu/4.8]
  collapse library dir [/usr/lib/gcc/x86_64-linux-gnu/4.8/../../../x86_64-linux-gnu] ==> [/usr/lib/x86_64-linux-gnu]
  collapse library dir [/usr/lib/gcc/x86_64-linux-gnu/4.8/../../../../lib] ==> [/usr/lib]
  collapse library dir [/lib/x86_64-linux-gnu] ==> [/lib/x86_64-linux-gnu]
  collapse library dir [/lib/../lib] ==> [/lib]
  collapse library dir [/usr/lib/x86_64-linux-gnu] ==> [/usr/lib/x86_64-linux-gnu]
  collapse library dir [/usr/lib/../lib] ==> [/usr/lib]
  collapse library dir [/usr/lib/gcc/x86_64-linux-gnu/4.8/../../..] ==> [/usr/lib]
  implicit libs: [stdc++;m;c]
  implicit dirs: [/usr/lib/gcc/x86_64-linux-gnu/4.8;/usr/lib/x86_64-linux-gnu;/usr/lib;/lib/x86_64-linux-gnu;/lib]
  implicit fwks: []




Detecting CXX [-std=c++1y] compiler features compiled with the following output:
Change Dir: /home/ocommeng/obdgpslogger-0.16/build/CMakeFiles/CMakeTmp

Run Build Command:"/usr/bin/make" "cmTryCompileExec2234959318/fast"
/usr/bin/make -f CMakeFiles/cmTryCompileExec2234959318.dir/build.make CMakeFiles/cmTryCompileExec2234959318.dir/build
make[1]: entrant dans le répertoire « /home/ocommeng/obdgpslogger-0.16/build/CMakeFiles/CMakeTmp »
/usr/bin/cmake -E cmake_progress_report /home/ocommeng/obdgpslogger-0.16/build/CMakeFiles/CMakeTmp/CMakeFiles 1
Building CXX object CMakeFiles/cmTryCompileExec2234959318.dir/feature_tests.cxx.o
/usr/bin/c++    -std=c++1y -o CMakeFiles/cmTryCompileExec2234959318.dir/feature_tests.cxx.o -c /home/ocommeng/obdgpslogger-0.16/build/CMakeFiles/feature_tests.cxx
Linking CXX executable cmTryCompileExec2234959318
/usr/bin/cmake -E cmake_link_script CMakeFiles/cmTryCompileExec2234959318.dir/link.txt --verbose=1
/usr/bin/c++        CMakeFiles/cmTryCompileExec2234959318.dir/feature_tests.cxx.o  -o cmTryCompileExec2234959318 -rdynamic 
make[1]: quittant le répertoire « /home/ocommeng/obdgpslogger-0.16/build/CMakeFiles/CMakeTmp »


    Feature record: CXX_FEATURE:0cxx_aggregate_default_initializers
    Feature record: CXX_FEATURE:1cxx_alias_templates
    Feature record: CXX_FEATURE:1cxx_alignas
    Feature record: CXX_FEATURE:1cxx_alignof
    Feature record: CXX_FEATURE:1cxx_attributes
    Feature record: CXX_FEATURE:0cxx_attribute_deprecated
    Feature record: CXX_FEATURE:1cxx_auto_type
    Feature record: CXX_FEATURE:0cxx_binary_literals
    Feature record: CXX_FEATURE:1cxx_constexpr
    Feature record: CXX_FEATURE:0cxx_contextual_conversions
    Feature record: CXX_FEATURE:1cxx_decltype
    Feature record: CXX_FEATURE:0cxx_decltype_auto
    Feature record: CXX_FEATURE:1cxx_decltype_incomplete_return_types
    Feature record: CXX_FEATURE:1cxx_default_function_template_args
    Feature record: CXX_FEATURE:1cxx_defaulted_functions
    Feature record: CXX_FEATURE:1cxx_defaulted_move_initializers
    Feature record: CXX_FEATURE:1cxx_delegating_constructors
    Feature record: CXX_FEATURE:1cxx_deleted_functions
    Feature record: CXX_FEATURE:0cxx_digit_separators
    Feature record: CXX_FEATURE:1cxx_enum_forward_declarations
    Feature record: CXX_FEATURE:1cxx_explicit_conversions
    Feature record: CXX_FEATURE:1cxx_extended_friend_declarations
    Feature record: CXX_FEATURE:1cxx_extern_templates
    Feature record: CXX_FEATURE:1cxx_final
    Feature record: CXX_FEATURE:1cxx_func_identifier
    Feature record: CXX_FEATURE:1cxx_generalized_initializers
    Feature record: CXX_FEATURE:0cxx_generic_lambdas
    Feature record: CXX_FEATURE:1cxx_inheriting_constructors
    Feature record: CXX_FEATURE:1cxx_inline_namespaces
    Feature record: CXX_FEATURE:1cxx_lambdas
    Feature record: CXX_FEATURE:0cxx_lambda_init_captures
    Feature record: CXX_FEATURE:1cxx_local_type_template_args
    Feature record: CXX_FEATURE:1cxx_long_long_type
    Feature record: CXX_FEATURE:1cxx_noexcept
    Feature record: CXX_FEATURE:1cxx_nonstatic_member_init
    Feature record: CXX_FEATURE:1cxx_nullptr
    Feature record: CXX_FEATURE:1cxx_override
    Feature record: CXX_FEATURE:1cxx_range_for
    Feature record: CXX_FEATURE:1cxx_raw_string_literals
    Feature record: CXX_FEATURE:1cxx_reference_qualified_functions
    Feature record: CXX_FEATURE:0cxx_relaxed_constexpr
    Feature record: CXX_FEATURE:0cxx_return_type_deduction
    Feature record: CXX_FEATURE:1cxx_right_angle_brackets
    Feature record: CXX_FEATURE:1cxx_rvalue_references
    Feature record: CXX_FEATURE:1cxx_sizeof_member
    Feature record: CXX_FEATURE:1cxx_static_assert
    Feature record: CXX_FEATURE:1cxx_strong_enums
    Feature record: CXX_FEATURE:1cxx_template_template_parameters
    Feature record: CXX_FEATURE:1cxx_thread_local
    Feature record: CXX_FEATURE:1cxx_trailing_return_types
    Feature record: CXX_FEATURE:1cxx_unicode_literals
    Feature record: CXX_FEATURE:1cxx_uniform_initialization
    Feature record: CXX_FEATURE:1cxx_unrestricted_unions
    Feature record: CXX_FEATURE:1cxx_user_literals
    Feature record: CXX_FEATURE:0cxx_variable_templates
    Feature record: CXX_FEATURE:1cxx_variadic_macros
    Feature record: CXX_FEATURE:1cxx_variadic_templates


Detecting CXX [-std=c++11] compiler features compiled with the following output:
Change Dir: /home/ocommeng/obdgpslogger-0.16/build/CMakeFiles/CMakeTmp

Run Build Command:"/usr/bin/make" "cmTryCompileExec233374552/fast"
/usr/bin/make -f CMakeFiles/cmTryCompileExec233374552.dir/build.make CMakeFiles/cmTryCompileExec233374552.dir/build
make[1]: entrant dans le répertoire « /home/ocommeng/obdgpslogger-0.16/build/CMakeFiles/CMakeTmp »
/usr/bin/cmake -E cmake_progress_report /home/ocommeng/obdgpslogger-0.16/build/CMakeFiles/CMakeTmp/CMakeFiles 1
Building CXX object CMakeFiles/cmTryCompileExec233374552.dir/feature_tests.cxx.o
/usr/bin/c++    -std=c++11 -o CMakeFiles/cmTryCompileExec233374552.dir/feature_tests.cxx.o -c /home/ocommeng/obdgpslogger-0.16/build/CMakeFiles/feature_tests.cxx
Linking CXX executable cmTryCompileExec233374552
/usr/bin/cmake -E cmake_link_script CMakeFiles/cmTryCompileExec233374552.dir/link.txt --verbose=1
/usr/bin/c++        CMakeFiles/cmTryCompileExec233374552.dir/feature_tests.cxx.o  -o cmTryCompileExec233374552 -rdynamic 
make[1]: quittant le répertoire « /home/ocommeng/obdgpslogger-0.16/build/CMakeFiles/CMakeTmp »


    Feature record: CXX_FEATURE:0cxx_aggregate_default_initializers
    Feature record: CXX_FEATURE:1cxx_alias_templates
    Feature record: CXX_FEATURE:1cxx_alignas
    Feature record: CXX_FEATURE:1cxx_alignof
    Feature record: CXX_FEATURE:1cxx_attributes
    Feature record: CXX_FEATURE:0cxx_attribute_deprecated
    Feature record: CXX_FEATURE:1cxx_auto_type
    Feature record: CXX_FEATURE:0cxx_binary_literals
    Feature record: CXX_FEATURE:1cxx_constexpr
    Feature record: CXX_FEATURE:0cxx_contextual_conversions
    Feature record: CXX_FEATURE:1cxx_decltype
    Feature record: CXX_FEATURE:0cxx_decltype_auto
    Feature record: CXX_FEATURE:1cxx_decltype_incomplete_return_types
    Feature record: CXX_FEATURE:1cxx_default_function_template_args
    Feature record: CXX_FEATURE:1cxx_defaulted_functions
    Feature record: CXX_FEATURE:1cxx_defaulted_move_initializers
    Feature record: CXX_FEATURE:1cxx_delegating_constructors
    Feature record: CXX_FEATURE:1cxx_deleted_functions
    Feature record: CXX_FEATURE:0cxx_digit_separators
    Feature record: CXX_FEATURE:1cxx_enum_forward_declarations
    Feature record: CXX_FEATURE:1cxx_explicit_conversions
    Feature record: CXX_FEATURE:1cxx_extended_friend_declarations
    Feature record: CXX_FEATURE:1cxx_extern_templates
    Feature record: CXX_FEATURE:1cxx_final
    Feature record: CXX_FEATURE:1cxx_func_identifier
    Feature record: CXX_FEATURE:1cxx_generalized_initializers
    Feature record: CXX_FEATURE:0cxx_generic_lambdas
    Feature record: CXX_FEATURE:1cxx_inheriting_constructors
    Feature record: CXX_FEATURE:1cxx_inline_namespaces
    Feature record: CXX_FEATURE:1cxx_lambdas
    Feature record: CXX_FEATURE:0cxx_lambda_init_captures
    Feature record: CXX_FEATURE:1cxx_local_type_template_args
    Feature record: CXX_FEATURE:1cxx_long_long_type
    Feature record: CXX_FEATURE:1cxx_noexcept
    Feature record: CXX_FEATURE:1cxx_nonstatic_member_init
    Feature record: CXX_FEATURE:1cxx_nullptr
    Feature record: CXX_FEATURE:1cxx_override
    Feature record: CXX_FEATURE:1cxx_range_for
    Feature record: CXX_FEATURE:1cxx_raw_string_literals
    Feature record: CXX_FEATURE:1cxx_reference_qualified_functions
    Feature record: CXX_FEATURE:0cxx_relaxed_constexpr
    Feature record: CXX_FEATURE:0cxx_return_type_deduction
    Feature record: CXX_FEATURE:1cxx_right_angle_brackets
    Feature record: CXX_FEATURE:1cxx_rvalue_references
    Feature record: CXX_FEATURE:1cxx_sizeof_member
    Feature record: CXX_FEATURE:1cxx_static_assert
    Feature record: CXX_FEATURE:1cxx_strong_enums
    Feature record: CXX_FEATURE:1cxx_template_template_parameters
    Feature record: CXX_FEATURE:1cxx_thread_local
    Feature record: CXX_FEATURE:1cxx_trailing_return_types
    Feature record: CXX_FEATURE:1cxx_unicode_literals
    Feature record: CXX_FEATURE:1cxx_uniform_initialization
    Feature record: CXX_FEATURE:1cxx_unrestricted_unions
    Feature record: CXX_FEATURE:1cxx_user_literals
    Feature record: CXX_FEATURE:0cxx_variable_templates
    Feature record: CXX_FEATURE:1cxx_variadic_macros
    Feature record: CXX_FEATURE:1cxx_variadic_templates


Detecting CXX [-std=c++98] compiler features compiled with the following output:
Change Dir: /home/ocommeng/obdgpslogger-0.16/build/CMakeFiles/CMakeTmp

Run Build Command:"/usr/bin/make" "cmTryCompileExec2376354101/fast"
/usr/bin/make -f CMakeFiles/cmTryCompileExec2376354101.dir/build.make CMakeFiles/cmTryCompileExec2376354101.dir/build
make[1]: entrant dans le répertoire « /home/ocommeng/obdgpslogger-0.16/build/CMakeFiles/CMakeTmp »
/usr/bin/cmake -E cmake_progress_report /home/ocommeng/obdgpslogger-0.16/build/CMakeFiles/CMakeTmp/CMakeFiles 1
Building CXX object CMakeFiles/cmTryCompileExec2376354101.dir/feature_tests.cxx.o
/usr/bin/c++    -std=c++98 -o CMakeFiles/cmTryCompileExec2376354101.dir/feature_tests.cxx.o -c /home/ocommeng/obdgpslogger-0.16/build/CMakeFiles/feature_tests.cxx
Linking CXX executable cmTryCompileExec2376354101
/usr/bin/cmake -E cmake_link_script CMakeFiles/cmTryCompileExec2376354101.dir/link.txt --verbose=1
/usr/bin/c++        CMakeFiles/cmTryCompileExec2376354101.dir/feature_tests.cxx.o  -o cmTryCompileExec2376354101 -rdynamic 
make[1]: quittant le répertoire « /home/ocommeng/obdgpslogger-0.16/build/CMakeFiles/CMakeTmp »


    Feature record: CXX_FEATURE:0cxx_aggregate_default_initializers
    Feature record: CXX_FEATURE:0cxx_alias_templates
    Feature record: CXX_FEATURE:0cxx_alignas
    Feature record: CXX_FEATURE:0cxx_alignof
    Feature record: CXX_FEATURE:0cxx_attributes
    Feature record: CXX_FEATURE:0cxx_attribute_deprecated
    Feature record: CXX_FEATURE:0cxx_auto_type
    Feature record: CXX_FEATURE:0cxx_binary_literals
    Feature record: CXX_FEATURE:0cxx_constexpr
    Feature record: CXX_FEATURE:0cxx_contextual_conversions
    Feature record: CXX_FEATURE:0cxx_decltype
    Feature record: CXX_FEATURE:0cxx_decltype_auto
    Feature record: CXX_FEATURE:0cxx_decltype_incomplete_return_types
    Feature record: CXX_FEATURE:0cxx_default_function_template_args
    Feature record: CXX_FEATURE:0cxx_defaulted_functions
    Feature record: CXX_FEATURE:0cxx_defaulted_move_initializers
    Feature record: CXX_FEATURE:0cxx_delegating_constructors
    Feature record: CXX_FEATURE:0cxx_deleted_functions
    Feature record: CXX_FEATURE:0cxx_digit_separators
    Feature record: CXX_FEATURE:0cxx_enum_forward_declarations
    Feature record: CXX_FEATURE:0cxx_explicit_conversions
    Feature record: CXX_FEATURE:0cxx_extended_friend_declarations
    Feature record: CXX_FEATURE:0cxx_extern_templates
    Feature record: CXX_FEATURE:0cxx_final
    Feature record: CXX_FEATURE:0cxx_func_identifier
    Feature record: CXX_FEATURE:0cxx_generalized_initializers
    Feature record: CXX_FEATURE:0cxx_generic_lambdas
    Feature record: CXX_FEATURE:0cxx_inheriting_constructors
    Feature record: CXX_FEATURE:0cxx_inline_namespaces
    Feature record: CXX_FEATURE:0cxx_lambdas
    Feature record: CXX_FEATURE:0cxx_lambda_init_captures
    Feature record: CXX_FEATURE:0cxx_local_type_template_args
    Feature record: CXX_FEATURE:0cxx_long_long_type
    Feature record: CXX_FEATURE:0cxx_noexcept
    Feature record: CXX_FEATURE:0cxx_nonstatic_member_init
    Feature record: CXX_FEATURE:0cxx_nullptr
    Feature record: CXX_FEATURE:0cxx_override
    Feature record: CXX_FEATURE:0cxx_range_for
    Feature record: CXX_FEATURE:0cxx_raw_string_literals
    Feature record: CXX_FEATURE:0cxx_reference_qualified_functions
    Feature record: CXX_FEATURE:0cxx_relaxed_constexpr
    Feature record: CXX_FEATURE:0cxx_return_type_deduction
    Feature record: CXX_FEATURE:0cxx_right_angle_brackets
    Feature record: CXX_FEATURE:0cxx_rvalue_references
    Feature record: CXX_FEATURE:0cxx_sizeof_member
    Feature record: CXX_FEATURE:0cxx_static_assert
    Feature record: CXX_FEATURE:0cxx_strong_enums
    Feature record: CXX_FEATURE:1cxx_template_template_parameters
    Feature record: CXX_FEATURE:0cxx_thread_local
    Feature record: CXX_FEATURE:0cxx_trailing_return_types
    Feature record: CXX_FEATURE:0cxx_unicode_literals
    Feature record: CXX_FEATURE:0cxx_uniform_initialization
    Feature record: CXX_FEATURE:0cxx_unrestricted_unions
    Feature record: CXX_FEATURE:0cxx_user_literals
    Feature record: CXX_FEATURE:0cxx_variable_templates
    Feature record: CXX_FEATURE:0cxx_variadic_macros
    Feature record: CXX_FEATURE:0cxx_variadic_templates
Determining if the function XOpenDisplay exists in the /usr/lib/x86_64-linux-gnu/libX11.so;/usr/lib/x86_64-linux-gnu/libXext.so passed with the following output:
Change Dir: /home/ocommeng/obdgpslogger-0.16/build/CMakeFiles/CMakeTmp

Run Build Command:"/usr/bin/make" "cmTryCompileExec3846152265/fast"
/usr/bin/make -f CMakeFiles/cmTryCompileExec3846152265.dir/build.make CMakeFiles/cmTryCompileExec3846152265.dir/build
make[1]: entrant dans le répertoire « /home/ocommeng/obdgpslogger-0.16/build/CMakeFiles/CMakeTmp »
/usr/bin/cmake -E cmake_progress_report /home/ocommeng/obdgpslogger-0.16/build/CMakeFiles/CMakeTmp/CMakeFiles 1
Building C object CMakeFiles/cmTryCompileExec3846152265.dir/CheckFunctionExists.c.o
/usr/bin/cc   -DCHECK_FUNCTION_EXISTS=XOpenDisplay   -o CMakeFiles/cmTryCompileExec3846152265.dir/CheckFunctionExists.c.o   -c /usr/share/cmake-3.2/Modules/CheckFunctionExists.c
Linking C executable cmTryCompileExec3846152265
/usr/bin/cmake -E cmake_link_script CMakeFiles/cmTryCompileExec3846152265.dir/link.txt --verbose=1
/usr/bin/cc   -DCHECK_FUNCTION_EXISTS=XOpenDisplay    CMakeFiles/cmTryCompileExec3846152265.dir/CheckFunctionExists.c.o  -o cmTryCompileExec3846152265 -rdynamic -lX11 -lXext 
make[1]: quittant le répertoire « /home/ocommeng/obdgpslogger-0.16/build/CMakeFiles/CMakeTmp »


Determining if the function gethostbyname exists passed with the following output:
Change Dir: /home/ocommeng/obdgpslogger-0.16/build/CMakeFiles/CMakeTmp

Run Build Command:"/usr/bin/make" "cmTryCompileExec384877573/fast"
/usr/bin/make -f CMakeFiles/cmTryCompileExec384877573.dir/build.make CMakeFiles/cmTryCompileExec384877573.dir/build
make[1]: entrant dans le répertoire « /home/ocommeng/obdgpslogger-0.16/build/CMakeFiles/CMakeTmp »
/usr/bin/cmake -E cmake_progress_report /home/ocommeng/obdgpslogger-0.16/build/CMakeFiles/CMakeTmp/CMakeFiles 1
Building C object CMakeFiles/cmTryCompileExec384877573.dir/CheckFunctionExists.c.o
/usr/bin/cc   -DCHECK_FUNCTION_EXISTS=gethostbyname   -o CMakeFiles/cmTryCompileExec384877573.dir/CheckFunctionExists.c.o   -c /usr/share/cmake-3.2/Modules/CheckFunctionExists.c
Linking C executable cmTryCompileExec384877573
/usr/bin/cmake -E cmake_link_script CMakeFiles/cmTryCompileExec384877573.dir/link.txt --verbose=1
/usr/bin/cc   -DCHECK_FUNCTION_EXISTS=gethostbyname    CMakeFiles/cmTryCompileExec384877573.dir/CheckFunctionExists.c.o  -o cmTryCompileExec384877573 -rdynamic 
make[1]: quittant le répertoire « /home/ocommeng/obdgpslogger-0.16/build/CMakeFiles/CMakeTmp »


Determining if the function connect exists passed with the following output:
Change Dir: /home/ocommeng/obdgpslogger-0.16/build/CMakeFiles/CMakeTmp

Run Build Command:"/usr/bin/make" "cmTryCompileExec1819567460/fast"
/usr/bin/make -f CMakeFiles/cmTryCompileExec1819567460.dir/build.make CMakeFiles/cmTryCompileExec1819567460.dir/build
make[1]: entrant dans le répertoire « /home/ocommeng/obdgpslogger-0.16/build/CMakeFiles/CMakeTmp »
/usr/bin/cmake -E cmake_progress_report /home/ocommeng/obdgpslogger-0.16/build/CMakeFiles/CMakeTmp/CMakeFiles 1
Building C object CMakeFiles/cmTryCompileExec1819567460.dir/CheckFunctionExists.c.o
/usr/bin/cc   -DCHECK_FUNCTION_EXISTS=connect   -o CMakeFiles/cmTryCompileExec1819567460.dir/CheckFunctionExists.c.o   -c /usr/share/cmake-3.2/Modules/CheckFunctionExists.c
Linking C executable cmTryCompileExec1819567460
/usr/bin/cmake -E cmake_link_script CMakeFiles/cmTryCompileExec1819567460.dir/link.txt --verbose=1
/usr/bin/cc   -DCHECK_FUNCTION_EXISTS=connect    CMakeFiles/cmTryCompileExec1819567460.dir/CheckFunctionExists.c.o  -o cmTryCompileExec1819567460 -rdynamic 
make[1]: quittant le répertoire « /home/ocommeng/obdgpslogger-0.16/build/CMakeFiles/CMakeTmp »


Determining if the function remove exists passed with the following output:
Change Dir: /home/ocommeng/obdgpslogger-0.16/build/CMakeFiles/CMakeTmp

Run Build Command:"/usr/bin/make" "cmTryCompileExec3088270897/fast"
/usr/bin/make -f CMakeFiles/cmTryCompileExec3088270897.dir/build.make CMakeFiles/cmTryCompileExec3088270897.dir/build
make[1]: entrant dans le répertoire « /home/ocommeng/obdgpslogger-0.16/build/CMakeFiles/CMakeTmp »
/usr/bin/cmake -E cmake_progress_report /home/ocommeng/obdgpslogger-0.16/build/CMakeFiles/CMakeTmp/CMakeFiles 1
Building C object CMakeFiles/cmTryCompileExec3088270897.dir/CheckFunctionExists.c.o
/usr/bin/cc   -DCHECK_FUNCTION_EXISTS=remove   -o CMakeFiles/cmTryCompileExec3088270897.dir/CheckFunctionExists.c.o   -c /usr/share/cmake-3.2/Modules/CheckFunctionExists.c
Linking C executable cmTryCompileExec3088270897
/usr/bin/cmake -E cmake_link_script CMakeFiles/cmTryCompileExec3088270897.dir/link.txt --verbose=1
/usr/bin/cc   -DCHECK_FUNCTION_EXISTS=remove    CMakeFiles/cmTryCompileExec3088270897.dir/CheckFunctionExists.c.o  -o cmTryCompileExec3088270897 -rdynamic 
make[1]: quittant le répertoire « /home/ocommeng/obdgpslogger-0.16/build/CMakeFiles/CMakeTmp »


Determining if the function shmat exists passed with the following output:
Change Dir: /home/ocommeng/obdgpslogger-0.16/build/CMakeFiles/CMakeTmp

Run Build Command:"/usr/bin/make" "cmTryCompileExec90129443/fast"
/usr/bin/make -f CMakeFiles/cmTryCompileExec90129443.dir/build.make CMakeFiles/cmTryCompileExec90129443.dir/build
make[1]: entrant dans le répertoire « /home/ocommeng/obdgpslogger-0.16/build/CMakeFiles/CMakeTmp »
/usr/bin/cmake -E cmake_progress_report /home/ocommeng/obdgpslogger-0.16/build/CMakeFiles/CMakeTmp/CMakeFiles 1
Building C object CMakeFiles/cmTryCompileExec90129443.dir/CheckFunctionExists.c.o
/usr/bin/cc   -DCHECK_FUNCTION_EXISTS=shmat   -o CMakeFiles/cmTryCompileExec90129443.dir/CheckFunctionExists.c.o   -c /usr/share/cmake-3.2/Modules/CheckFunctionExists.c
Linking C executable cmTryCompileExec90129443
/usr/bin/cmake -E cmake_link_script CMakeFiles/cmTryCompileExec90129443.dir/link.txt --verbose=1
/usr/bin/cc   -DCHECK_FUNCTION_EXISTS=shmat    CMakeFiles/cmTryCompileExec90129443.dir/CheckFunctionExists.c.o  -o cmTryCompileExec90129443 -rdynamic 
make[1]: quittant le répertoire « /home/ocommeng/obdgpslogger-0.16/build/CMakeFiles/CMakeTmp »


Determining if the function IceConnectionNumber exists in the ICE passed with the following output:
Change Dir: /home/ocommeng/obdgpslogger-0.16/build/CMakeFiles/CMakeTmp

Run Build Command:"/usr/bin/make" "cmTryCompileExec1141661001/fast"
/usr/bin/make -f CMakeFiles/cmTryCompileExec1141661001.dir/build.make CMakeFiles/cmTryCompileExec1141661001.dir/build
make[1]: entrant dans le répertoire « /home/ocommeng/obdgpslogger-0.16/build/CMakeFiles/CMakeTmp »
/usr/bin/cmake -E cmake_progress_report /home/ocommeng/obdgpslogger-0.16/build/CMakeFiles/CMakeTmp/CMakeFiles 1
Building C object CMakeFiles/cmTryCompileExec1141661001.dir/CheckFunctionExists.c.o
/usr/bin/cc   -DCHECK_FUNCTION_EXISTS=IceConnectionNumber   -o CMakeFiles/cmTryCompileExec1141661001.dir/CheckFunctionExists.c.o   -c /usr/share/cmake-3.2/Modules/CheckFunctionExists.c
Linking C executable cmTryCompileExec1141661001
/usr/bin/cmake -E cmake_link_script CMakeFiles/cmTryCompileExec1141661001.dir/link.txt --verbose=1
/usr/bin/cc   -DCHECK_FUNCTION_EXISTS=IceConnectionNumber    CMakeFiles/cmTryCompileExec1141661001.dir/CheckFunctionExists.c.o  -o cmTryCompileExec1141661001 -rdynamic -lICE 
make[1]: quittant le répertoire « /home/ocommeng/obdgpslogger-0.16/build/CMakeFiles/CMakeTmp »


Determining if the function gps_stream exists passed with the following output:
Change Dir: /home/ocommeng/obdgpslogger-0.16/build/CMakeFiles/CMakeTmp

Run Build Command:"/usr/bin/make" "cmTryCompileExec1920361025/fast"
/usr/bin/make -f CMakeFiles/cmTryCompileExec1920361025.dir/build.make CMakeFiles/cmTryCompileExec1920361025.dir/build
make[1]: entrant dans le répertoire « /home/ocommeng/obdgpslogger-0.16/build/CMakeFiles/CMakeTmp »
/usr/bin/cmake -E cmake_progress_report /home/ocommeng/obdgpslogger-0.16/build/CMakeFiles/CMakeTmp/CMakeFiles 1
Building C object CMakeFiles/cmTryCompileExec1920361025.dir/CheckFunctionExists.c.o
/usr/bin/cc   -DCHECK_FUNCTION_EXISTS=gps_stream   -o CMakeFiles/cmTryCompileExec1920361025.dir/CheckFunctionExists.c.o   -c /usr/share/cmake-3.2/Modules/CheckFunctionExists.c
Linking C executable cmTryCompileExec1920361025
/usr/bin/cmake -E cmake_link_script CMakeFiles/cmTryCompileExec1920361025.dir/link.txt --verbose=1
/usr/bin/cc   -DCHECK_FUNCTION_EXISTS=gps_stream    CMakeFiles/cmTryCompileExec1920361025.dir/CheckFunctionExists.c.o  -o cmTryCompileExec1920361025 -rdynamic -lgps 
make[1]: quittant le répertoire « /home/ocommeng/obdgpslogger-0.16/build/CMakeFiles/CMakeTmp »


Determining if the function ptsname_r exists passed with the following output:
Change Dir: /home/ocommeng/obdgpslogger-0.16/build/CMakeFiles/CMakeTmp

Run Build Command:"/usr/bin/make" "cmTryCompileExec1907598746/fast"
/usr/bin/make -f CMakeFiles/cmTryCompileExec1907598746.dir/build.make CMakeFiles/cmTryCompileExec1907598746.dir/build
make[1]: entrant dans le répertoire « /home/ocommeng/obdgpslogger-0.16/build/CMakeFiles/CMakeTmp »
/usr/bin/cmake -E cmake_progress_report /home/ocommeng/obdgpslogger-0.16/build/CMakeFiles/CMakeTmp/CMakeFiles 1
Building C object CMakeFiles/cmTryCompileExec1907598746.dir/CheckFunctionExists.c.o
/usr/bin/cc   -DCHECK_FUNCTION_EXISTS=ptsname_r   -o CMakeFiles/cmTryCompileExec1907598746.dir/CheckFunctionExists.c.o   -c /usr/share/cmake-3.2/Modules/CheckFunctionExists.c
Linking C executable cmTryCompileExec1907598746
/usr/bin/cmake -E cmake_link_script CMakeFiles/cmTryCompileExec1907598746.dir/link.txt --verbose=1
/usr/bin/cc   -DCHECK_FUNCTION_EXISTS=ptsname_r    CMakeFiles/cmTryCompileExec1907598746.dir/CheckFunctionExists.c.o  -o cmTryCompileExec1907598746 -rdynamic -lgps 
make[1]: quittant le répertoire « /home/ocommeng/obdgpslogger-0.16/build/CMakeFiles/CMakeTmp »


Determining if files signal.h exist passed with the following output:
Change Dir: /home/ocommeng/obdgpslogger-0.16/build/CMakeFiles/CMakeTmp

Run Build Command:"/usr/bin/make" "cmTryCompileExec511117112/fast"
/usr/bin/make -f CMakeFiles/cmTryCompileExec511117112.dir/build.make CMakeFiles/cmTryCompileExec511117112.dir/build
make[1]: entrant dans le répertoire « /home/ocommeng/obdgpslogger-0.16/build/CMakeFiles/CMakeTmp »
/usr/bin/cmake -E cmake_progress_report /home/ocommeng/obdgpslogger-0.16/build/CMakeFiles/CMakeTmp/CMakeFiles 1
Building C object CMakeFiles/cmTryCompileExec511117112.dir/CheckIncludeFiles.c.o
/usr/bin/cc    -o CMakeFiles/cmTryCompileExec511117112.dir/CheckIncludeFiles.c.o   -c /home/ocommeng/obdgpslogger-0.16/build/CMakeFiles/CMakeTmp/CheckIncludeFiles.c
Linking C executable cmTryCompileExec511117112
/usr/bin/cmake -E cmake_link_script CMakeFiles/cmTryCompileExec511117112.dir/link.txt --verbose=1
/usr/bin/cc       CMakeFiles/cmTryCompileExec511117112.dir/CheckIncludeFiles.c.o  -o cmTryCompileExec511117112 -rdynamic 
make[1]: quittant le répertoire « /home/ocommeng/obdgpslogger-0.16/build/CMakeFiles/CMakeTmp »


Determining if the sigaction exist passed with the following output:
Change Dir: /home/ocommeng/obdgpslogger-0.16/build/CMakeFiles/CMakeTmp

Run Build Command:"/usr/bin/make" "cmTryCompileExec1464848912/fast"
/usr/bin/make -f CMakeFiles/cmTryCompileExec1464848912.dir/build.make CMakeFiles/cmTryCompileExec1464848912.dir/build
make[1]: entrant dans le répertoire « /home/ocommeng/obdgpslogger-0.16/build/CMakeFiles/CMakeTmp »
/usr/bin/cmake -E cmake_progress_report /home/ocommeng/obdgpslogger-0.16/build/CMakeFiles/CMakeTmp/CMakeFiles 1
Building C object CMakeFiles/cmTryCompileExec1464848912.dir/CheckSymbolExists.c.o
/usr/bin/cc    -o CMakeFiles/cmTryCompileExec1464848912.dir/CheckSymbolExists.c.o   -c /home/ocommeng/obdgpslogger-0.16/build/CMakeFiles/CMakeTmp/CheckSymbolExists.c
Linking C executable cmTryCompileExec1464848912
/usr/bin/cmake -E cmake_link_script CMakeFiles/cmTryCompileExec1464848912.dir/link.txt --verbose=1
/usr/bin/cc       CMakeFiles/cmTryCompileExec1464848912.dir/CheckSymbolExists.c.o  -o cmTryCompileExec1464848912 -rdynamic -lgps 
make[1]: quittant le répertoire « /home/ocommeng/obdgpslogger-0.16/build/CMakeFiles/CMakeTmp »

File /home/ocommeng/obdgpslogger-0.16/build/CMakeFiles/CMakeTmp/CheckSymbolExists.c:
/* */
#include <signal.h>

int main(int argc, char** argv)
{
  (void)argv;
#ifndef sigaction
  return ((int*)(&sigaction))[argc];
#else
  (void)argc;
  return 0;
#endif
}

Determining if the signal exist passed with the following output:
Change Dir: /home/ocommeng/obdgpslogger-0.16/build/CMakeFiles/CMakeTmp

Run Build Command:"/usr/bin/make" "cmTryCompileExec3135275944/fast"
/usr/bin/make -f CMakeFiles/cmTryCompileExec3135275944.dir/build.make CMakeFiles/cmTryCompileExec3135275944.dir/build
make[1]: entrant dans le répertoire « /home/ocommeng/obdgpslogger-0.16/build/CMakeFiles/CMakeTmp »
/usr/bin/cmake -E cmake_progress_report /home/ocommeng/obdgpslogger-0.16/build/CMakeFiles/CMakeTmp/CMakeFiles 1
Building C object CMakeFiles/cmTryCompileExec3135275944.dir/CheckSymbolExists.c.o
/usr/bin/cc    -o CMakeFiles/cmTryCompileExec3135275944.dir/CheckSymbolExists.c.o   -c /home/ocommeng/obdgpslogger-0.16/build/CMakeFiles/CMakeTmp/CheckSymbolExists.c
Linking C executable cmTryCompileExec3135275944
/usr/bin/cmake -E cmake_link_script CMakeFiles/cmTryCompileExec3135275944.dir/link.txt --verbose=1
/usr/bin/cc       CMakeFiles/cmTryCompileExec3135275944.dir/CheckSymbolExists.c.o  -o cmTryCompileExec3135275944 -rdynamic -lgps 
make[1]: quittant le répertoire « /home/ocommeng/obdgpslogger-0.16/build/CMakeFiles/CMakeTmp »

File /home/ocommeng/obdgpslogger-0.16/build/CMakeFiles/CMakeTmp/CheckSymbolExists.c:
/* */
#include <signal.h>

int main(int argc, char** argv)
{
  (void)argv;
#ifndef signal
  return ((int*)(&signal))[argc];
#else
  (void)argc;
  return 0;
#endif
}

Determining if files sys/socket.h exist passed with the following output:
Change Dir: /home/ocommeng/obdgpslogger-0.16/build/CMakeFiles/CMakeTmp

Run Build Command:"/usr/bin/make" "cmTryCompileExec4064585989/fast"
/usr/bin/make -f CMakeFiles/cmTryCompileExec4064585989.dir/build.make CMakeFiles/cmTryCompileExec4064585989.dir/build
make[1]: entrant dans le répertoire « /home/ocommeng/obdgpslogger-0.16/build/CMakeFiles/CMakeTmp »
/usr/bin/cmake -E cmake_progress_report /home/ocommeng/obdgpslogger-0.16/build/CMakeFiles/CMakeTmp/CMakeFiles 1
Building C object CMakeFiles/cmTryCompileExec4064585989.dir/CheckIncludeFiles.c.o
/usr/bin/cc    -o CMakeFiles/cmTryCompileExec4064585989.dir/CheckIncludeFiles.c.o   -c /home/ocommeng/obdgpslogger-0.16/build/CMakeFiles/CMakeTmp/CheckIncludeFiles.c
Linking C executable cmTryCompileExec4064585989
/usr/bin/cmake -E cmake_link_script CMakeFiles/cmTryCompileExec4064585989.dir/link.txt --verbose=1
/usr/bin/cc       CMakeFiles/cmTryCompileExec4064585989.dir/CheckIncludeFiles.c.o  -o cmTryCompileExec4064585989 -rdynamic 
make[1]: quittant le répertoire « /home/ocommeng/obdgpslogger-0.16/build/CMakeFiles/CMakeTmp »


Determining if files netdb.h exist passed with the following output:
Change Dir: /home/ocommeng/obdgpslogger-0.16/build/CMakeFiles/CMakeTmp

Run Build Command:"/usr/bin/make" "cmTryCompileExec507030529/fast"
/usr/bin/make -f CMakeFiles/cmTryCompileExec507030529.dir/build.make CMakeFiles/cmTryCompileExec507030529.dir/build
make[1]: entrant dans le répertoire « /home/ocommeng/obdgpslogger-0.16/build/CMakeFiles/CMakeTmp »
/usr/bin/cmake -E cmake_progress_report /home/ocommeng/obdgpslogger-0.16/build/CMakeFiles/CMakeTmp/CMakeFiles 1
Building C object CMakeFiles/cmTryCompileExec507030529.dir/CheckIncludeFiles.c.o
/usr/bin/cc    -o CMakeFiles/cmTryCompileExec507030529.dir/CheckIncludeFiles.c.o   -c /home/ocommeng/obdgpslogger-0.16/build/CMakeFiles/CMakeTmp/CheckIncludeFiles.c
Linking C executable cmTryCompileExec507030529
/usr/bin/cmake -E cmake_link_script CMakeFiles/cmTryCompileExec507030529.dir/link.txt --verbose=1
/usr/bin/cc       CMakeFiles/cmTryCompileExec507030529.dir/CheckIncludeFiles.c.o  -o cmTryCompileExec507030529 -rdynamic 
make[1]: quittant le répertoire « /home/ocommeng/obdgpslogger-0.16/build/CMakeFiles/CMakeTmp »


Determining if the getaddrinfo exist passed with the following output:
Change Dir: /home/ocommeng/obdgpslogger-0.16/build/CMakeFiles/CMakeTmp

Run Build Command:"/usr/bin/make" "cmTryCompileExec1939692009/fast"
/usr/bin/make -f CMakeFiles/cmTryCompileExec1939692009.dir/build.make CMakeFiles/cmTryCompileExec1939692009.dir/build
make[1]: entrant dans le répertoire « /home/ocommeng/obdgpslogger-0.16/build/CMakeFiles/CMakeTmp »
/usr/bin/cmake -E cmake_progress_report /home/ocommeng/obdgpslogger-0.16/build/CMakeFiles/CMakeTmp/CMakeFiles 1
Building C object CMakeFiles/cmTryCompileExec1939692009.dir/CheckSymbolExists.c.o
/usr/bin/cc    -o CMakeFiles/cmTryCompileExec1939692009.dir/CheckSymbolExists.c.o   -c /home/ocommeng/obdgpslogger-0.16/build/CMakeFiles/CMakeTmp/CheckSymbolExists.c
Linking C executable cmTryCompileExec1939692009
/usr/bin/cmake -E cmake_link_script CMakeFiles/cmTryCompileExec1939692009.dir/link.txt --verbose=1
/usr/bin/cc       CMakeFiles/cmTryCompileExec1939692009.dir/CheckSymbolExists.c.o  -o cmTryCompileExec1939692009 -rdynamic -lgps 
make[1]: quittant le répertoire « /home/ocommeng/obdgpslogger-0.16/build/CMakeFiles/CMakeTmp »

File /home/ocommeng/obdgpslogger-0.16/build/CMakeFiles/CMakeTmp/CheckSymbolExists.c:
/* */
#include <netdb.h>

int main(int argc, char** argv)
{
  (void)argv;
#ifndef getaddrinfo
  return ((int*)(&getaddrinfo))[argc];
#else
  (void)argc;
  return 0;
#endif
}

Determining if the function dlopen exists passed with the following output:
Change Dir: /home/ocommeng/obdgpslogger-0.16/build/CMakeFiles/CMakeTmp

Run Build Command:"/usr/bin/make" "cmTryCompileExec2418021142/fast"
/usr/bin/make -f CMakeFiles/cmTryCompileExec2418021142.dir/build.make CMakeFiles/cmTryCompileExec2418021142.dir/build
make[1]: entrant dans le répertoire « /home/ocommeng/obdgpslogger-0.16/build/CMakeFiles/CMakeTmp »
/usr/bin/cmake -E cmake_progress_report /home/ocommeng/obdgpslogger-0.16/build/CMakeFiles/CMakeTmp/CMakeFiles 1
Building C object CMakeFiles/cmTryCompileExec2418021142.dir/CheckFunctionExists.c.o
/usr/bin/cc   -DCHECK_FUNCTION_EXISTS=dlopen   -o CMakeFiles/cmTryCompileExec2418021142.dir/CheckFunctionExists.c.o   -c /usr/share/cmake-3.2/Modules/CheckFunctionExists.c
Linking C executable cmTryCompileExec2418021142
/usr/bin/cmake -E cmake_link_script CMakeFiles/cmTryCompileExec2418021142.dir/link.txt --verbose=1
/usr/bin/cc   -DCHECK_FUNCTION_EXISTS=dlopen    CMakeFiles/cmTryCompileExec2418021142.dir/CheckFunctionExists.c.o  -o cmTryCompileExec2418021142 -rdynamic -ldl 
make[1]: quittant le répertoire « /home/ocommeng/obdgpslogger-0.16/build/CMakeFiles/CMakeTmp »


Determining if the function posix_openpt exists passed with the following output:
Change Dir: /home/ocommeng/obdgpslogger-0.16/build/CMakeFiles/CMakeTmp

Run Build Command:"/usr/bin/make" "cmTryCompileExec4041400865/fast"
/usr/bin/make -f CMakeFiles/cmTryCompileExec4041400865.dir/build.make CMakeFiles/cmTryCompileExec4041400865.dir/build
make[1]: entrant dans le répertoire « /home/ocommeng/obdgpslogger-0.16/build/CMakeFiles/CMakeTmp »
/usr/bin/cmake -E cmake_progress_report /home/ocommeng/obdgpslogger-0.16/build/CMakeFiles/CMakeTmp/CMakeFiles 1
Building C object CMakeFiles/cmTryCompileExec4041400865.dir/CheckFunctionExists.c.o
/usr/bin/cc   -DCHECK_FUNCTION_EXISTS=posix_openpt   -o CMakeFiles/cmTryCompileExec4041400865.dir/CheckFunctionExists.c.o   -c /usr/share/cmake-3.2/Modules/CheckFunctionExists.c
Linking C executable cmTryCompileExec4041400865
/usr/bin/cmake -E cmake_link_script CMakeFiles/cmTryCompileExec4041400865.dir/link.txt --verbose=1
/usr/bin/cc   -DCHECK_FUNCTION_EXISTS=posix_openpt    CMakeFiles/cmTryCompileExec4041400865.dir/CheckFunctionExists.c.o  -o cmTryCompileExec4041400865 -rdynamic -ldl 
make[1]: quittant le répertoire « /home/ocommeng/obdgpslogger-0.16/build/CMakeFiles/CMakeTmp »


Determining if the function gettimeofday exists passed with the following output:
Change Dir: /home/ocommeng/obdgpslogger-0.16/build/CMakeFiles/CMakeTmp

Run Build Command:"/usr/bin/make" "cmTryCompileExec1748046727/fast"
/usr/bin/make -f CMakeFiles/cmTryCompileExec1748046727.dir/build.make CMakeFiles/cmTryCompileExec1748046727.dir/build
make[1]: entrant dans le répertoire « /home/ocommeng/obdgpslogger-0.16/build/CMakeFiles/CMakeTmp »
/usr/bin/cmake -E cmake_progress_report /home/ocommeng/obdgpslogger-0.16/build/CMakeFiles/CMakeTmp/CMakeFiles 1
Building C object CMakeFiles/cmTryCompileExec1748046727.dir/CheckFunctionExists.c.o
/usr/bin/cc   -DCHECK_FUNCTION_EXISTS=gettimeofday   -o CMakeFiles/cmTryCompileExec1748046727.dir/CheckFunctionExists.c.o   -c /usr/share/cmake-3.2/Modules/CheckFunctionExists.c
Linking C executable cmTryCompileExec1748046727
/usr/bin/cmake -E cmake_link_script CMakeFiles/cmTryCompileExec1748046727.dir/link.txt --verbose=1
/usr/bin/cc   -DCHECK_FUNCTION_EXISTS=gettimeofday    CMakeFiles/cmTryCompileExec1748046727.dir/CheckFunctionExists.c.o  -o cmTryCompileExec1748046727 -rdynamic -ldl 
make[1]: quittant le répertoire « /home/ocommeng/obdgpslogger-0.16/build/CMakeFiles/CMakeTmp »


Determining if the BTPROTO_RFCOMM exist passed with the following output:
Change Dir: /home/ocommeng/obdgpslogger-0.16/build/CMakeFiles/CMakeTmp

Run Build Command:"/usr/bin/make" "cmTryCompileExec2233686773/fast"
/usr/bin/make -f CMakeFiles/cmTryCompileExec2233686773.dir/build.make CMakeFiles/cmTryCompileExec2233686773.dir/build
make[1]: entrant dans le répertoire « /home/ocommeng/obdgpslogger-0.16/build/CMakeFiles/CMakeTmp »
/usr/bin/cmake -E cmake_progress_report /home/ocommeng/obdgpslogger-0.16/build/CMakeFiles/CMakeTmp/CMakeFiles 1
Building C object CMakeFiles/cmTryCompileExec2233686773.dir/CheckSymbolExists.c.o
/usr/bin/cc    -o CMakeFiles/cmTryCompileExec2233686773.dir/CheckSymbolExists.c.o   -c /home/ocommeng/obdgpslogger-0.16/build/CMakeFiles/CMakeTmp/CheckSymbolExists.c
Linking C executable cmTryCompileExec2233686773
/usr/bin/cmake -E cmake_link_script CMakeFiles/cmTryCompileExec2233686773.dir/link.txt --verbose=1
/usr/bin/cc       CMakeFiles/cmTryCompileExec2233686773.dir/CheckSymbolExists.c.o  -o cmTryCompileExec2233686773 -rdynamic -ldl 
make[1]: quittant le répertoire « /home/ocommeng/obdgpslogger-0.16/build/CMakeFiles/CMakeTmp »

File /home/ocommeng/obdgpslogger-0.16/build/CMakeFiles/CMakeTmp/CheckSymbolExists.c:
/* */
#include <bluetooth/bluetooth.h>

int main(int argc, char** argv)
{
  (void)argv;
#ifndef BTPROTO_RFCOMM
  return ((int*)(&BTPROTO_RFCOMM))[argc];
#else
  (void)argc;
  return 0;
#endif
}

