Determining if the getaddrinfo exist failed with the following output:
Change Dir: /home/ocommeng/obdgpslogger-0.16/build/CMakeFiles/CMakeTmp

Run Build Command:"/usr/bin/make" "cmTryCompileExec2155819593/fast"
/usr/bin/make -f CMakeFiles/cmTryCompileExec2155819593.dir/build.make CMakeFiles/cmTryCompileExec2155819593.dir/build
make[1]: entrant dans le répertoire « /home/ocommeng/obdgpslogger-0.16/build/CMakeFiles/CMakeTmp »
/usr/bin/cmake -E cmake_progress_report /home/ocommeng/obdgpslogger-0.16/build/CMakeFiles/CMakeTmp/CMakeFiles 1
Building C object CMakeFiles/cmTryCompileExec2155819593.dir/CheckSymbolExists.c.o
/usr/bin/cc    -o CMakeFiles/cmTryCompileExec2155819593.dir/CheckSymbolExists.c.o   -c /home/ocommeng/obdgpslogger-0.16/build/CMakeFiles/CMakeTmp/CheckSymbolExists.c
/home/ocommeng/obdgpslogger-0.16/build/CMakeFiles/CMakeTmp/CheckSymbolExists.c: In function ‘main’:
/home/ocommeng/obdgpslogger-0.16/build/CMakeFiles/CMakeTmp/CheckSymbolExists.c:8:19: error: ‘getaddrinfo’ undeclared (first use in this function)
   return ((int*)(&getaddrinfo))[argc];
                   ^
/home/ocommeng/obdgpslogger-0.16/build/CMakeFiles/CMakeTmp/CheckSymbolExists.c:8:19: note: each undeclared identifier is reported only once for each function it appears in
make[1]: *** [CMakeFiles/cmTryCompileExec2155819593.dir/CheckSymbolExists.c.o] Erreur 1
make[1]: quittant le répertoire « /home/ocommeng/obdgpslogger-0.16/build/CMakeFiles/CMakeTmp »
make: *** [cmTryCompileExec2155819593/fast] Erreur 2

File /home/ocommeng/obdgpslogger-0.16/build/CMakeFiles/CMakeTmp/CheckSymbolExists.c:
/* */
#include <sys/socket.h>

int main(int argc, char** argv)
{
  (void)argv;
#ifndef getaddrinfo
  return ((int*)(&getaddrinfo))[argc];
#else
  (void)argc;
  return 0;
#endif
}

